  Quellen werden auf Modulabhängigkeiten überprüft...
  app_ctrl.h
  Kompilieren...
  app_ctrl.h
  app_ctrl.cpp
  check_dir.cpp
C:\Program Files\Microsoft Visual Studio\2022\Community\VC\Tools\MSVC\14.39.33519\include\xutility(4537,18): warning C4244: "=": Konvertierung von "wchar_t" in "char", möglicher Datenverlust
  (Quelldatei „check_dir.cpp“ wird kompiliert)
  C:\Program Files\Microsoft Visual Studio\2022\Community\VC\Tools\MSVC\14.39.33519\include\xutility(4537,18):
  der Vorlageninstanziierungskontext (der älteste zuerst) ist
  	C:\Users\janis\Documents\Projekte_mit_c\ma\ma\src\client_backend\check_dir.cpp(47,29):
  	Siehe Verweis auf die gerade kompilierte Instanziierung "std::basic_string<char,std::char_traits<char>,std::allocator<char>>::basic_string<std::_String_iterator<std::_String_val<std::_Simple_types<_Elem>>>,0>(_Iter,_Iter,const _Alloc &)" der Funktions-Vorlage.
          with
          [
              _Elem=wchar_t,
              _Iter=std::_String_iterator<std::_String_val<std::_Simple_types<wchar_t>>>,
              _Alloc=std::allocator<char>
          ]
  		C:\Users\janis\Documents\Projekte_mit_c\ma\ma\src\client_backend\check_dir.cpp(47,29):
  		Ersten Verweis auf "std::basic_string<char,std::char_traits<char>,std::allocator<char>>::basic_string" in "process_changes" anzeigen
  	C:\Program Files\Microsoft Visual Studio\2022\Community\VC\Tools\MSVC\14.39.33519\include\xstring(2600,17):
  	Siehe Verweis auf die gerade kompilierte Instanziierung "void std::basic_string<char,std::char_traits<char>,std::allocator<char>>::_Construct_from_iter<wchar_t*,wchar_t*,_Size_type>(_Iter,const _Sent,_Size)" der Funktions-Vorlage.
          with
          [
              _Size_type=unsigned __int64,
              _Iter=wchar_t *,
              _Sent=wchar_t *,
              _Size=unsigned __int64
          ]
  	C:\Program Files\Microsoft Visual Studio\2022\Community\VC\Tools\MSVC\14.39.33519\include\xstring(2756,18):
  	Siehe Verweis auf die gerade kompilierte Instanziierung "_OutIt *std::_Copy_n_unchecked4<wchar_t*,_Size,char*>(_InIt,_SizeTy,_OutIt)" der Funktions-Vorlage.
          with
          [
              _OutIt=char *,
              _Size=unsigned __int64,
              _InIt=wchar_t *,
              _SizeTy=unsigned __int64
          ]
  
  check_process.cpp
  client_backend.cpp
C:\Users\janis\Documents\Projekte_mit_c\ma\ma\src\client_backend\client_backend.cpp(143,24): warning C4244: "Argument": Konvertierung von "_Rep" in "DWORD", möglicher Datenverlust
C:\Users\janis\Documents\Projekte_mit_c\ma\ma\src\client_backend\client_backend.cpp(143,24): warning C4244:         with
C:\Users\janis\Documents\Projekte_mit_c\ma\ma\src\client_backend\client_backend.cpp(143,24): warning C4244:         [
C:\Users\janis\Documents\Projekte_mit_c\ma\ma\src\client_backend\client_backend.cpp(143,24): warning C4244:             _Rep=__int64
C:\Users\janis\Documents\Projekte_mit_c\ma\ma\src\client_backend\client_backend.cpp(143,24): warning C4244:         ]
  deepscan.cpp
C:\Users\janis\Documents\Projekte_mit_c\ma\ma\src\client_backend\deepscan.cpp(140,50): warning C4018: ">=": Konflikt zwischen "signed" und "unsigned"
  scan.cpp
C:\Users\janis\Documents\Projekte_mit_c\ma\ma\src\client_backend\scan.cpp(263,46): warning C4018: ">=": Konflikt zwischen "signed" und "unsigned"
  thread_ctrl.cpp
  update.cpp
  Code wird generiert...
C:\Users\janis\Documents\Projekte_mit_c\ma\ma\src\client_backend\deepscan.cpp(328,1): warning C4715: "deepscan_process_t": Nicht alle Codepfade geben einen Wert zurück.
  client_backend.vcxproj -> C:\Users\janis\Documents\Projekte_mit_c\ma\ma\src\client_backend\x64\Debug\client_backend.exe
C:\vcpkg\vcpkg-2023.08.09\scripts\buildsystems\msbuild\vcpkg.targets(228,5): warning : [vcpkg] Failed to gather app local DLL dependencies, program may not run. Set VcpkgApplocalDeps to false in your project file to suppress this warning. PowerShell arguments: -ExecutionPolicy Bypass -noprofile -File "C:\vcpkg\vcpkg-2023.08.09\scripts\buildsystems\msbuild\applocal.ps1" "C:\Users\janis\Documents\Projekte_mit_c\ma\ma\src\client_backend\x64\Debug\client_backend.exe" "C:\vcpkg\vcpkg-2023.08.09\installed\x64-windows\debug\bin" "client_backend\x64\Debug\client_backend.tlog\client_backend.write.1u.tlog" "client_backend\x64\Debug\vcpkg.applocal.log"
