c:\users\janis\documents\projekte_mit_c\ma\ma\src\client_backend\x64\debug\vc143.pdb
c:\users\janis\documents\projekte_mit_c\ma\ma\src\client_backend\x64\debug\vc143.idb
c:\users\janis\documents\projekte_mit_c\ma\ma\src\client_backend\x64\debug\app_ctrl.nativecodeanalysis.sarif
c:\users\janis\documents\projekte_mit_c\ma\ma\src\client_backend\x64\debug\app_ctrl.nativecodeanalysis.xml
c:\users\janis\documents\projekte_mit_c\ma\ma\src\client_backend\x64\debug\check_dir.nativecodeanalysis.sarif
c:\users\janis\documents\projekte_mit_c\ma\ma\src\client_backend\x64\debug\check_dir.nativecodeanalysis.xml
c:\users\janis\documents\projekte_mit_c\ma\ma\src\client_backend\x64\debug\client_backend.nativecodeanalysis.sarif
c:\users\janis\documents\projekte_mit_c\ma\ma\src\client_backend\x64\debug\client_backend.nativecodeanalysis.xml
c:\users\janis\documents\projekte_mit_c\ma\ma\src\client_backend\x64\debug\connect.nativecodeanalysis.sarif
c:\users\janis\documents\projekte_mit_c\ma\ma\src\client_backend\x64\debug\connect.nativecodeanalysis.xml
c:\users\janis\documents\projekte_mit_c\ma\ma\src\client_backend\x64\debug\local_com.nativecodeanalysis.sarif
c:\users\janis\documents\projekte_mit_c\ma\ma\src\client_backend\x64\debug\local_com.nativecodeanalysis.xml
c:\users\janis\documents\projekte_mit_c\ma\ma\src\client_backend\x64\debug\local_schedule.nativecodeanalysis.sarif
c:\users\janis\documents\projekte_mit_c\ma\ma\src\client_backend\x64\debug\local_schedule.nativecodeanalysis.xml
c:\users\janis\documents\projekte_mit_c\ma\ma\src\client_backend\x64\debug\log.nativecodeanalysis.sarif
c:\users\janis\documents\projekte_mit_c\ma\ma\src\client_backend\x64\debug\log.nativecodeanalysis.xml
c:\users\janis\documents\projekte_mit_c\ma\ma\src\client_backend\x64\debug\md5hash.nativecodeanalysis.sarif
c:\users\janis\documents\projekte_mit_c\ma\ma\src\client_backend\x64\debug\md5hash.nativecodeanalysis.xml
c:\users\janis\documents\projekte_mit_c\ma\ma\src\client_backend\x64\debug\permissions.nativecodeanalysis.sarif
c:\users\janis\documents\projekte_mit_c\ma\ma\src\client_backend\x64\debug\permissions.nativecodeanalysis.xml
c:\users\janis\documents\projekte_mit_c\ma\ma\src\client_backend\x64\debug\queue _ctrl.nativecodeanalysis.sarif
c:\users\janis\documents\projekte_mit_c\ma\ma\src\client_backend\x64\debug\queue _ctrl.nativecodeanalysis.xml
c:\users\janis\documents\projekte_mit_c\ma\ma\src\client_backend\x64\debug\scan.nativecodeanalysis.sarif
c:\users\janis\documents\projekte_mit_c\ma\ma\src\client_backend\x64\debug\scan.nativecodeanalysis.xml
c:\users\janis\documents\projekte_mit_c\ma\ma\src\client_backend\x64\debug\settings.nativecodeanalysis.sarif
c:\users\janis\documents\projekte_mit_c\ma\ma\src\client_backend\x64\debug\settings.nativecodeanalysis.xml
c:\users\janis\documents\projekte_mit_c\ma\ma\src\client_backend\x64\debug\thread_ctrl.nativecodeanalysis.sarif
c:\users\janis\documents\projekte_mit_c\ma\ma\src\client_backend\x64\debug\thread_ctrl.nativecodeanalysis.xml
c:\users\janis\documents\projekte_mit_c\ma\ma\src\client_backend\x64\debug\virus_ctrl.nativecodeanalysis.sarif
c:\users\janis\documents\projekte_mit_c\ma\ma\src\client_backend\x64\debug\virus_ctrl.nativecodeanalysis.xml
c:\users\janis\documents\projekte_mit_c\ma\ma\src\client_backend\x64\debug\virus_ctrl.obj
c:\users\janis\documents\projekte_mit_c\ma\ma\src\client_backend\x64\debug\thread_ctrl.obj
c:\users\janis\documents\projekte_mit_c\ma\ma\src\client_backend\x64\debug\settings.obj
c:\users\janis\documents\projekte_mit_c\ma\ma\src\client_backend\x64\debug\scan.obj
c:\users\janis\documents\projekte_mit_c\ma\ma\src\client_backend\x64\debug\queue _ctrl.obj
c:\users\janis\documents\projekte_mit_c\ma\ma\src\client_backend\x64\debug\permissions.obj
c:\users\janis\documents\projekte_mit_c\ma\ma\src\client_backend\x64\debug\md5hash.obj
c:\users\janis\documents\projekte_mit_c\ma\ma\src\client_backend\x64\debug\log.obj
c:\users\janis\documents\projekte_mit_c\ma\ma\src\client_backend\x64\debug\local_schedule.obj
c:\users\janis\documents\projekte_mit_c\ma\ma\src\client_backend\x64\debug\local_com.obj
c:\users\janis\documents\projekte_mit_c\ma\ma\src\client_backend\x64\debug\connect.obj
c:\users\janis\documents\projekte_mit_c\ma\ma\src\client_backend\x64\debug\client_backend.obj
c:\users\janis\documents\projekte_mit_c\ma\ma\src\client_backend\x64\debug\check_dir.obj
c:\users\janis\documents\projekte_mit_c\ma\ma\src\client_backend\x64\debug\app_ctrl.obj
c:\users\janis\documents\projekte_mit_c\ma\ma\src\client_backend\x64\debug\app_ctrl.h.ifc
c:\users\janis\documents\projekte_mit_c\ma\ma\src\client_backend\x64\debug\app_ctrl.h.ifc.d.json
c:\users\janis\documents\projekte_mit_c\ma\ma\src\client_backend\x64\debug\app_ctrl.h.ifcast
c:\users\janis\documents\projekte_mit_c\ma\ma\src\client_backend\x64\debug\app_ctrl.h.nativecodeanalysis.sarif
c:\users\janis\documents\projekte_mit_c\ma\ma\src\client_backend\x64\debug\app_ctrl.h.nativecodeanalysis.xml
c:\users\janis\documents\projekte_mit_c\ma\ma\src\client_backend\x64\debug\app_ctrl.h.obj
c:\users\janis\documents\projekte_mit_c\ma\ma\src\client_backend\x64\debug\app_ctrl.h.module.json
c:\users\janis\documents\projekte_mit_c\ma\ma\src\client_backend\x64\debug\client_backend.tlog\cl.command.1.tlog
c:\users\janis\documents\projekte_mit_c\ma\ma\src\client_backend\x64\debug\client_backend.tlog\cl.read.1.tlog
c:\users\janis\documents\projekte_mit_c\ma\ma\src\client_backend\x64\debug\client_backend.tlog\cl.write.1.tlog
c:\users\janis\documents\projekte_mit_c\ma\ma\src\client_backend\x64\debug\client_backend.tlog\link.command.1.tlog
c:\users\janis\documents\projekte_mit_c\ma\ma\src\client_backend\x64\debug\client_backend.tlog\link.read.1.tlog
c:\users\janis\documents\projekte_mit_c\ma\ma\src\client_backend\x64\debug\client_backend.tlog\link.write.1.tlog
c:\users\janis\documents\projekte_mit_c\ma\ma\src\client_backend\x64\debug\client_backend_md.tlog\cl.command.1.tlog
c:\users\janis\documents\projekte_mit_c\ma\ma\src\client_backend\x64\debug\client_backend_md.tlog\microsoft.build.cpptasks.cl.read.1.tlog
c:\users\janis\documents\projekte_mit_c\ma\ma\src\client_backend\x64\debug\client_backend_md.tlog\microsoft.build.cpptasks.cl.write.1.tlog
