  client_frontend.cpp
C:\Program Files\Microsoft Visual Studio\2022\Community\VC\Tools\MSVC\14.39.33519\include\xutility(4537,18): warning C4244: "=": Konvertierung von "wchar_t" in "char", möglicher Datenverlust
  (Quelldatei „client_frontend.cpp“ wird kompiliert)
  C:\Program Files\Microsoft Visual Studio\2022\Community\VC\Tools\MSVC\14.39.33519\include\xutility(4537,18):
  der Vorlageninstanziierungskontext (der älteste zuerst) ist
  	C:\Users\janis\Documents\Projekte_mit_c\ma\ma\src\client_frontend\client_frontend.cpp(241,23):
  	Siehe Verweis auf die gerade kompilierte Instanziierung "std::basic_string<char,std::char_traits<char>,std::allocator<char>>::basic_string<std::_String_iterator<std::_String_val<std::_Simple_types<_Elem>>>,0>(_Iter,_Iter,const _Alloc &)" der Funktions-Vorlage.
          with
          [
              _Elem=wchar_t,
              _Iter=std::_String_iterator<std::_String_val<std::_Simple_types<wchar_t>>>,
              _Alloc=std::allocator<char>
          ]
  		C:\Users\janis\Documents\Projekte_mit_c\ma\ma\src\client_frontend\client_frontend.cpp(241,5):
  		Ersten Verweis auf "std::basic_string<char,std::char_traits<char>,std::allocator<char>>::basic_string" in "getFolderPath" anzeigen
  	C:\Program Files\Microsoft Visual Studio\2022\Community\VC\Tools\MSVC\14.39.33519\include\xstring(2600,17):
  	Siehe Verweis auf die gerade kompilierte Instanziierung "void std::basic_string<char,std::char_traits<char>,std::allocator<char>>::_Construct_from_iter<wchar_t*,wchar_t*,_Size_type>(_Iter,const _Sent,_Size)" der Funktions-Vorlage.
          with
          [
              _Size_type=unsigned __int64,
              _Iter=wchar_t *,
              _Sent=wchar_t *,
              _Size=unsigned __int64
          ]
  	C:\Program Files\Microsoft Visual Studio\2022\Community\VC\Tools\MSVC\14.39.33519\include\xstring(2756,18):
  	Siehe Verweis auf die gerade kompilierte Instanziierung "_OutIt *std::_Copy_n_unchecked4<wchar_t*,_Size,char*>(_InIt,_SizeTy,_OutIt)" der Funktions-Vorlage.
          with
          [
              _OutIt=char *,
              _Size=unsigned __int64,
              _InIt=wchar_t *,
              _SizeTy=unsigned __int64
          ]
  
  client_frontend.vcxproj -> C:\Users\janis\Documents\Projekte_mit_c\ma\ma\src\client_frontend\x64\Debug\client_frontend.exe
C:\vcpkg\vcpkg-2023.08.09\scripts\buildsystems\msbuild\vcpkg.targets(228,5): warning : [vcpkg] Failed to gather app local DLL dependencies, program may not run. Set VcpkgApplocalDeps to false in your project file to suppress this warning. PowerShell arguments: -ExecutionPolicy Bypass -noprofile -File "C:\vcpkg\vcpkg-2023.08.09\scripts\buildsystems\msbuild\applocal.ps1" "C:\Users\janis\Documents\Projekte_mit_c\ma\ma\src\client_frontend\x64\Debug\client_frontend.exe" "C:\vcpkg\vcpkg-2023.08.09\installed\x64-windows\debug\bin" "client_frontend\x64\Debug\client_frontend.tlog\client_frontend.write.1u.tlog" "client_frontend\x64\Debug\vcpkg.applocal.log"
